mode: set
memory_golang/api/internal/controller/system/mock_Controller.go:17.69,21.60 3 0
memory_golang/api/internal/controller/system/mock_Controller.go:27.2,27.11 1 0
memory_golang/api/internal/controller/system/mock_Controller.go:21.60,23.3 1 0
memory_golang/api/internal/controller/system/mock_Controller.go:23.8,25.3 1 0
memory_golang/api/internal/controller/system/new.go:16.47,18.2 1 1
memory_golang/api/internal/controller/system/readiness.go:8.57,10.2 1 1
memory_golang/api/internal/repository/generator/snowflake.go:15.38,18.25 2 1
memory_golang/api/internal/repository/generator/snowflake.go:25.2,25.12 1 1
memory_golang/api/internal/repository/generator/snowflake.go:18.25,20.17 2 1
memory_golang/api/internal/repository/generator/snowflake.go:20.17,22.4 1 0
memory_golang/api/cmd/serverd/router/router.go:25.42,30.2 1 1
memory_golang/api/cmd/serverd/router/router.go:32.40,34.2 1 1
memory_golang/api/cmd/serverd/router/router.go:36.40,42.2 2 1
memory_golang/api/cmd/serverd/router/new.go:18.10,26.2 1 1
memory_golang/api/internal/repository/system/check.go:10.50,14.2 2 1
memory_golang/api/internal/repository/system/mock_Repository.go:17.62,21.60 3 0
memory_golang/api/internal/repository/system/mock_Repository.go:27.2,27.11 1 0
memory_golang/api/internal/repository/system/mock_Repository.go:21.60,23.3 1 0
memory_golang/api/internal/repository/system/mock_Repository.go:23.8,25.3 1 0
memory_golang/api/internal/repository/system/new.go:16.48,18.2 1 1
memory_golang/api/pkg/app/config.go:17.33,18.9 1 1
memory_golang/api/pkg/app/config.go:23.18,24.47 1 1
memory_golang/api/pkg/app/config.go:25.10,26.13 1 1
memory_golang/api/pkg/app/env.go:20.27,21.11 1 1
memory_golang/api/pkg/app/env.go:22.49,23.14 1 1
memory_golang/api/pkg/app/env.go:24.10,25.15 1 1
memory_golang/api/pkg/app/env.go:30.30,32.2 1 1
memory_golang/api/pkg/httpserv/error.go:33.31,35.2 1 0
memory_golang/api/pkg/httpserv/handler.go:12.44,29.2 6 0
memory_golang/api/pkg/httpserv/handler_func.go:10.92,11.54 1 1
memory_golang/api/pkg/httpserv/handler_func.go:11.54,14.33 2 1
memory_golang/api/pkg/httpserv/handler_func.go:14.33,17.36 2 1
memory_golang/api/pkg/httpserv/handler_func.go:17.36,18.101 1 1
memory_golang/api/pkg/httpserv/handler_func.go:18.101,20.6 1 1
memory_golang/api/pkg/httpserv/json.go:10.60,13.16 3 1
memory_golang/api/pkg/httpserv/json.go:17.2,17.57 1 1
memory_golang/api/pkg/httpserv/json.go:20.2,20.12 1 1
memory_golang/api/pkg/httpserv/json.go:13.16,15.3 1 1
memory_golang/api/pkg/httpserv/json.go:17.57,19.3 1 1
memory_golang/api/pkg/httpserv/respond.go:15.79,17.2 1 1
memory_golang/api/pkg/httpserv/respond.go:20.117,23.34 2 1
memory_golang/api/pkg/httpserv/respond.go:27.2,31.30 4 1
memory_golang/api/pkg/httpserv/respond.go:47.2,47.16 1 1
memory_golang/api/pkg/httpserv/respond.go:53.2,54.20 2 1
memory_golang/api/pkg/httpserv/respond.go:23.34,25.3 1 0
memory_golang/api/pkg/httpserv/respond.go:32.14,33.104 1 1
memory_golang/api/pkg/httpserv/respond.go:36.3,37.18 2 1
memory_golang/api/pkg/httpserv/respond.go:40.3,40.40 1 1
memory_golang/api/pkg/httpserv/respond.go:41.13,43.52 2 1
memory_golang/api/pkg/httpserv/respond.go:44.10,45.37 1 0
memory_golang/api/pkg/httpserv/respond.go:33.104,35.4 1 1
memory_golang/api/pkg/httpserv/respond.go:37.18,39.4 1 0
memory_golang/api/pkg/httpserv/respond.go:47.16,50.3 2 0
memory_golang/api/pkg/httpserv/server.go:19.46,31.2 2 0
memory_golang/api/pkg/httpserv/server.go:34.51,40.12 2 0
memory_golang/api/pkg/httpserv/server.go:45.2,45.9 1 0
memory_golang/api/pkg/httpserv/server.go:40.12,42.3 1 0
memory_golang/api/pkg/httpserv/server.go:46.29,47.34 1 0
memory_golang/api/pkg/httpserv/server.go:50.3,50.13 1 0
memory_golang/api/pkg/httpserv/server.go:51.20,52.18 1 0
memory_golang/api/pkg/httpserv/server.go:47.34,49.4 1 0
memory_golang/api/pkg/httpserv/server.go:57.31,61.44 3 0
memory_golang/api/pkg/httpserv/server.go:67.2,67.12 1 0
memory_golang/api/pkg/httpserv/server.go:61.44,62.38 1 0
memory_golang/api/pkg/httpserv/server.go:62.38,64.4 1 0
memory_golang/api/pkg/db/pg/tx.go:12.99,14.2 1 1
memory_golang/api/pkg/db/pg/tx.go:17.129,18.14 1 1
memory_golang/api/pkg/db/pg/tx.go:22.2,23.16 2 1
memory_golang/api/pkg/db/pg/tx.go:29.2,38.36 3 1
memory_golang/api/pkg/db/pg/tx.go:41.2,41.35 1 0
memory_golang/api/pkg/db/pg/tx.go:44.2,44.12 1 0
memory_golang/api/pkg/db/pg/tx.go:18.14,20.3 1 0
memory_golang/api/pkg/db/pg/tx.go:23.16,25.3 1 0
memory_golang/api/pkg/db/pg/tx.go:38.36,40.3 1 1
memory_golang/api/pkg/db/pg/tx.go:41.35,43.3 1 0
memory_golang/api/pkg/db/pg/tx.go:47.99,51.39 3 1
memory_golang/api/pkg/db/pg/tx.go:63.2,63.16 1 1
memory_golang/api/pkg/db/pg/tx.go:51.39,60.3 5 1
memory_golang/api/pkg/db/pg/tx.go:60.46,62.3 1 0
memory_golang/api/pkg/db/pg/backoff.go:11.90,20.2 5 1
memory_golang/api/pkg/db/pg/db.go:15.89,17.2 1 1
memory_golang/api/pkg/db/pg/db.go:20.107,22.2 1 1
memory_golang/api/pkg/db/pg/db.go:25.107,27.2 1 1
memory_golang/api/pkg/db/pg/db.go:30.100,32.2 1 1
memory_golang/api/pkg/db/pg/db.go:35.47,37.2 1 1
memory_golang/api/pkg/db/pg/db.go:47.107,49.2 1 1
memory_golang/api/pkg/db/pg/db.go:52.107,54.2 1 1
memory_golang/api/pkg/db/pg/db.go:57.100,59.2 1 1
memory_golang/api/pkg/db/pg/db.go:62.34,64.2 1 1
memory_golang/api/pkg/db/pg/db.go:67.36,69.2 1 1
memory_golang/api/pkg/db/pg/new.go:19.29,24.16 4 1
memory_golang/api/pkg/db/pg/new.go:28.2,33.35 5 1
memory_golang/api/pkg/db/pg/new.go:37.2,43.8 3 1
memory_golang/api/pkg/db/pg/new.go:24.16,26.3 1 0
memory_golang/api/pkg/db/pg/new.go:33.35,35.3 1 1
memory_golang/api/pkg/snowflake/new.go:15.46,19.27 2 1
memory_golang/api/pkg/snowflake/new.go:25.2,27.8 1 1
memory_golang/api/pkg/snowflake/new.go:19.27,20.33 1 1
memory_golang/api/pkg/snowflake/new.go:20.33,22.4 1 1
memory_golang/api/pkg/snowflake/option.go:15.36,16.43 1 1
memory_golang/api/pkg/snowflake/option.go:16.43,17.40 1 1
memory_golang/api/pkg/snowflake/option.go:21.3,22.13 2 1
memory_golang/api/pkg/snowflake/option.go:17.40,19.4 1 1
memory_golang/api/pkg/snowflake/option.go:27.34,28.43 1 1
memory_golang/api/pkg/snowflake/option.go:28.43,29.14 1 1
memory_golang/api/pkg/snowflake/option.go:32.3,32.40 1 1
memory_golang/api/pkg/snowflake/option.go:35.3,35.13 1 1
memory_golang/api/pkg/snowflake/option.go:29.14,31.4 1 1
memory_golang/api/pkg/snowflake/option.go:32.40,34.4 1 1
memory_golang/api/pkg/snowflake/generate.go:11.47,13.16 2 1
memory_golang/api/pkg/snowflake/generate.go:17.2,17.13 1 1
memory_golang/api/pkg/snowflake/generate.go:21.2,21.23 1 1
memory_golang/api/pkg/snowflake/generate.go:13.16,15.3 1 0
memory_golang/api/pkg/snowflake/generate.go:17.13,19.3 1 0
